<?xml version="1.0" encoding="UTF-8"?>
<!-- Generated by org.testng.reporters.JUnitReportReporter -->
<testsuite skipped="0" hostname="DESKTOP-JRN5AMB" name="frizza.HomePage" tests="6" failures="0" timestamp="2021-04-06T17:33:43 IST" time="7.443" errors="0">
  <testcase name="NonCpatStoreOffers" time="0.255" classname="frizza.HomePage"/>
  <system-out/>
  <testcase name="InstalledAppWithoutproperheader" time="0.377" classname="frizza.HomePage"/>
  <system-out/>
  <testcase name="CpatStoreOffers" time="0.433" classname="frizza.HomePage"/>
  <system-out/>
  <testcase name="NonCpatOffersDetails" time="0.259" classname="frizza.HomePage"/>
  <system-out/>
  <testcase name="CpatOfferstoreDetails" time="5.739" classname="frizza.HomePage"/>
  <system-out/>
  <testcase name="InstalledApp" time="0.380" classname="frizza.HomePage"/>
  <system-out/>
</testsuite> <!-- frizza.HomePage -->
