<?xml version="1.0" encoding="UTF-8"?>
<!-- Generated by org.testng.reporters.JUnitReportReporter -->
<testsuite skipped="0" hostname="DESKTOP-JRN5AMB" name="frizza.Wallet" tests="3" failures="0" timestamp="2021-04-06T17:33:43 IST" time="0.789" errors="0">
  <testcase name="ViewWalletHistory" time="0.256" classname="frizza.Wallet"/>
  <system-out/>
  <testcase name="UnauthorisedViewWalletHistory" time="0.235" classname="frizza.Wallet"/>
  <system-out/>
  <testcase name="PaytmtranferRequestwithooutCriteria" time="0.298" classname="frizza.Wallet"/>
  <system-out/>
</testsuite> <!-- frizza.Wallet -->
