<?xml version="1.0" encoding="UTF-8"?>
<!-- Generated by org.testng.reporters.JUnitReportReporter -->
<testsuite skipped="0" hostname="DESKTOP-JRN5AMB" name="frizza.Login" tests="2" failures="0" timestamp="2021-04-06T17:33:43 IST" time="0.825" errors="0">
  <testcase name="RootedLogin" time="0.579" classname="frizza.Login"/>
  <system-out/>
  <testcase name="ProperLogin" time="0.246" classname="frizza.Login"/>
  <system-out/>
</testsuite> <!-- frizza.Login -->
