<?xml version="1.0" encoding="UTF-8"?>
<!-- Generated by org.testng.reporters.JUnitReportReporter -->
<testsuite skipped="0" hostname="DESKTOP-JRN5AMB" name="frizza.Profile" tests="4" failures="0" timestamp="2021-04-06T17:33:43 IST" time="1.006" errors="0">
  <testcase name="ImproperEmailFormat" time="0.247" classname="frizza.Profile"/>
  <system-out/>
  <testcase name="blankEMail" time="0.265" classname="frizza.Profile"/>
  <system-out/>
  <testcase name="BlankDOB" time="0.236" classname="frizza.Profile"/>
  <system-out/>
  <testcase name="ProperdataProfileupdate" time="0.258" classname="frizza.Profile"/>
  <system-out/>
</testsuite> <!-- frizza.Profile -->
