<?xml version="1.0" encoding="UTF-8"?>
<!-- Generated by org.testng.reporters.JUnitReportReporter -->
<testsuite skipped="0" hostname="DESKTOP-JRN5AMB" name="frizza.a" tests="1" failures="0" timestamp="2021-03-14T13:27:37 IST" time="8.476" errors="0">
  <testcase name="test1" time="8.476" classname="frizza.a"/>
  <system-out/>
</testsuite> <!-- frizza.a -->
