<?xml version="1.0" encoding="UTF-8"?>
<!-- Generated by org.testng.reporters.JUnitReportReporter -->
<testsuite skipped="0" hostname="DESKTOP-JRN5AMB" name="frizza.Login" tests="12" failures="0" timestamp="2021-04-09T12:16:45 IST" time="3.680" errors="0">
  <testcase name="NullEmailformatLogin" time="0.216" classname="frizza.Login"/>
  <system-out/>
  <testcase name="DifferentEmailproperformatLogin" time="0.239" classname="frizza.Login"/>
  <system-out/>
  <testcase name="WrongEmailformatLogin" time="0.285" classname="frizza.Login"/>
  <system-out/>
  <testcase name="NumberMoreThanTenDigitLogin" time="0.212" classname="frizza.Login"/>
  <system-out/>
  <testcase name="NewUserProperSignUPWithoutReferCode" time="0.498" classname="frizza.Login"/>
  <system-out/>
  <testcase name="NumberLessThanNineDigitLogin" time="0.222" classname="frizza.Login"/>
  <system-out/>
  <testcase name="ProperLogin" time="0.220" classname="frizza.Login"/>
  <system-out/>
  <testcase name="RootedLogin" time="0.527" classname="frizza.Login"/>
  <system-out/>
  <testcase name="NewUserProperSignUPWithProperReferCode" time="0.485" classname="frizza.Login"/>
  <system-out/>
  <testcase name="NumberNotStartFrom6789Login" time="0.216" classname="frizza.Login"/>
  <system-out/>
  <testcase name="NewUserButAlreadyUsedDeviceID" time="0.238" classname="frizza.Login"/>
  <system-out/>
  <testcase name="NewUserProperSignUPWithImproperReferCode" time="0.322" classname="frizza.Login"/>
  <system-out/>
</testsuite> <!-- frizza.Login -->
