<?xml version="1.0" encoding="UTF-8"?>
<!-- Generated by org.testng.reporters.JUnitReportReporter -->
<testsuite skipped="0" hostname="DESKTOP-JRN5AMB" name="frizza.Wallet" tests="3" failures="0" timestamp="2021-04-09T12:16:46 IST" time="0.676" errors="0">
  <testcase name="UnauthorisedViewWalletHistory" time="0.231" classname="frizza.Wallet"/>
  <system-out/>
  <testcase name="PaytmtranferRequestwithooutCriteria" time="0.209" classname="frizza.Wallet"/>
  <system-out/>
  <testcase name="ViewWalletHistory" time="0.236" classname="frizza.Wallet"/>
  <system-out/>
</testsuite> <!-- frizza.Wallet -->
