<?xml version="1.0" encoding="UTF-8"?>
<!-- Generated by org.testng.reporters.JUnitReportReporter -->
<testsuite skipped="0" hostname="DESKTOP-JRN5AMB" name="frizza.Profile" tests="13" failures="0" timestamp="2021-04-09T12:16:46 IST" time="4.208" errors="0">
  <testcase name="BlankDOB" time="0.417" classname="frizza.Profile"/>
  <system-out/>
  <testcase name="AlphanumbericFirstLastName" time="0.406" classname="frizza.Profile"/>
  <system-out/>
  <testcase name="ImproperDOBFormat" time="0.322" classname="frizza.Profile"/>
  <system-out/>
  <testcase name="blankGender" time="0.252" classname="frizza.Profile"/>
  <system-out/>
  <testcase name="BlankFirstLastName" time="0.218" classname="frizza.Profile"/>
  <system-out/>
  <testcase name="MinorDob" time="0.221" classname="frizza.Profile"/>
  <system-out/>
  <testcase name="ProperdataDobGenderEmailProfileupdate" time="0.250" classname="frizza.Profile"/>
  <system-out/>
  <testcase name="ImproperEmailFormat" time="0.251" classname="frizza.Profile"/>
  <system-out/>
  <testcase name="ViewProfile" time="0.210" classname="frizza.Profile"/>
  <system-out/>
  <testcase name="AboveLimitFirstLastName" time="0.238" classname="frizza.Profile"/>
  <system-out/>
  <testcase name="FutureDob" time="0.827" classname="frizza.Profile"/>
  <system-out/>
  <testcase name="ImproperGenderFormat" time="0.378" classname="frizza.Profile"/>
  <system-out/>
  <testcase name="blankEMail" time="0.218" classname="frizza.Profile"/>
  <system-out/>
</testsuite> <!-- frizza.Profile -->
